<?xml version="1.0" encoding="UTF-8"?>
<!-- Generated by org.testng.reporters.JUnitXMLReporter -->
<testsuite ignored="0" hostname="IBM-PF461Z49" failures="0" tests="3" name="test-1" time="19.06" errors="0" timestamp="2026-07-22T13:00:26 IST">
  <testcase classname="com.webOrders.test.WebOrder_Product_Price_Discount_Verification" name="verifyProductPrice" time="1.56"/>
  <testcase classname="com.webOrders.test.WebOrder_Product_Price_Discount_Verification" name="verifyProductPrice" time="1.168"/>
  <testcase classname="com.webOrders.test.WebOrder_Product_Price_Discount_Verification" name="verifyProductPrice" time="1.2"/>
</testsuite> <!-- test-1 -->
