<?xml version="1.0" encoding="UTF-8"?>
<!-- Generated by org.testng.reporters.JUnitXMLReporter -->
<testsuite hostname="IBM-PF461Z49" failures="0" tests="3" name="test-1" time="47.642" errors="0" timestamp="22 Jul 2026 05:31:03 GMT">
  <testcase classname="com.webOrders.test.WebOrders_Login" name="loginTest" time="14.272"/>
  <testcase classname="com.webOrders.test.WebOrders_Login" name="urlTest" time="12.0"/>
  <testcase classname="com.webOrders.test.WebOrders_Login" name="verifyText" time="9.632"/>
</testsuite> <!-- test-1 -->
