<?xml version="1.0" encoding="UTF-8"?>
<testng-results ignored="1" total="38" passed="36" failed="1" skipped="0">
  <reporter-output>
  </reporter-output>
  <suite started-at="2026-07-22T14:37:49 IST" name="WebOrder Page Object Model TestNGDemo" finished-at="2026-07-22T14:43:13 IST" duration-ms="323959">
    <groups>
    </groups>
    <test started-at="2026-07-22T14:37:49 IST" name="test-1" finished-at="2026-07-22T14:43:13 IST" duration-ms="323959">
      <class name="com.webOrders.test.WebOrder_Product_Price_Discount_Verification">
        <test-method is-config="true" signature="initializeTestBaseSetup(java.lang.String,java.lang.String)[pri:0, instance:com.webOrders.test.WebOrder_Product_Price_Discount_Verification@13df2a8c]" started-at="2026-07-22T14:37:49 IST" name="initializeTestBaseSetup" finished-at="2026-07-22T14:37:58 IST" duration-ms="8824" status="PASS">
          <params>
            <param index="0">
              <value>
                <![CDATA[edge]]>
              </value>
            </param>
            <param index="1">
              <value>
                <![CDATA[http://secure.smartbearsoftware.com/samples/TestComplete11/WebOrders/Login.aspx?ReturnUrl=%2fsamples%2fTestComplete11%2fWebOrders%2fDefault.aspx]]>
              </value>
            </param>
          </params>
          <reporter-output>
          </reporter-output>
        </test-method> <!-- initializeTestBaseSetup -->
        <test-method is-config="true" signature="setUp()[pri:0, instance:com.webOrders.test.WebOrder_Product_Price_Discount_Verification@13df2a8c]" started-at="2026-07-22T14:37:58 IST" name="setUp" finished-at="2026-07-22T14:38:07 IST" duration-ms="8637" status="PASS">
          <reporter-output>
          </reporter-output>
        </test-method> <!-- setUp -->
        <test-method signature="verifyProductPrice(java.lang.String,java.lang.String)[pri:0, instance:com.webOrders.test.WebOrder_Product_Price_Discount_Verification@13df2a8c]" started-at="2026-07-22T14:38:07 IST" name="verifyProductPrice" description="Verify Product price in Order Page" data-provider="ProductPrice" finished-at="2026-07-22T14:38:10 IST" duration-ms="3141" status="PASS">
          <params>
            <param index="0">
              <value>
                <![CDATA[MyMoney]]>
              </value>
            </param>
            <param index="1">
              <value>
                <![CDATA[$100]]>
              </value>
            </param>
          </params>
          <reporter-output>
          </reporter-output>
        </test-method> <!-- verifyProductPrice -->
        <test-method is-config="true" signature="takeScreenshot(org.testng.ITestResult)[pri:0, instance:com.webOrders.test.WebOrder_Product_Price_Discount_Verification@13df2a8c]" started-at="2026-07-22T14:38:10 IST" name="takeScreenshot" finished-at="2026-07-22T14:38:10 IST" duration-ms="10" status="PASS">
          <params>
            <param index="0">
              <value>
                <![CDATA[[TestResult name=verifyProductPrice status=SUCCESS method=WebOrder_Product_Price_Discount_Verification.verifyProductPrice(java.lang.String,java.lang.String)[pri:0, instance:com.webOrders.test.WebOrder_Product_Price_Discount_Verification@13df2a8c] output={null}]]]>
              </value>
            </param>
          </params>
          <reporter-output>
          </reporter-output>
        </test-method> <!-- takeScreenshot -->
        <test-method signature="verifyProductPrice(java.lang.String,java.lang.String)[pri:0, instance:com.webOrders.test.WebOrder_Product_Price_Discount_Verification@13df2a8c]" started-at="2026-07-22T14:38:10 IST" name="verifyProductPrice" description="Verify Product price in Order Page" data-provider="ProductPrice" finished-at="2026-07-22T14:38:12 IST" duration-ms="1996" status="PASS">
          <params>
            <param index="0">
              <value>
                <![CDATA[FamilyAlbum]]>
              </value>
            </param>
            <param index="1">
              <value>
                <![CDATA[$80]]>
              </value>
            </param>
          </params>
          <reporter-output>
          </reporter-output>
        </test-method> <!-- verifyProductPrice -->
        <test-method is-config="true" signature="takeScreenshot(org.testng.ITestResult)[pri:0, instance:com.webOrders.test.WebOrder_Product_Price_Discount_Verification@13df2a8c]" started-at="2026-07-22T14:38:12 IST" name="takeScreenshot" finished-at="2026-07-22T14:38:12 IST" duration-ms="1" status="PASS">
          <params>
            <param index="0">
              <value>
                <![CDATA[[TestResult name=verifyProductPrice status=SUCCESS method=WebOrder_Product_Price_Discount_Verification.verifyProductPrice(java.lang.String,java.lang.String)[pri:0, instance:com.webOrders.test.WebOrder_Product_Price_Discount_Verification@13df2a8c] output={null}]]]>
              </value>
            </param>
          </params>
          <reporter-output>
          </reporter-output>
        </test-method> <!-- takeScreenshot -->
        <test-method signature="verifyProductPrice(java.lang.String,java.lang.String)[pri:0, instance:com.webOrders.test.WebOrder_Product_Price_Discount_Verification@13df2a8c]" started-at="2026-07-22T14:38:12 IST" name="verifyProductPrice" description="Verify Product price in Order Page" data-provider="ProductPrice" finished-at="2026-07-22T14:38:15 IST" duration-ms="2530" status="PASS">
          <params>
            <param index="0">
              <value>
                <![CDATA[ScreenSaver]]>
              </value>
            </param>
            <param index="1">
              <value>
                <![CDATA[$20]]>
              </value>
            </param>
          </params>
          <reporter-output>
          </reporter-output>
        </test-method> <!-- verifyProductPrice -->
        <test-method is-config="true" signature="takeScreenshot(org.testng.ITestResult)[pri:0, instance:com.webOrders.test.WebOrder_Product_Price_Discount_Verification@13df2a8c]" started-at="2026-07-22T14:38:15 IST" name="takeScreenshot" finished-at="2026-07-22T14:38:15 IST" duration-ms="1" status="PASS">
          <params>
            <param index="0">
              <value>
                <![CDATA[[TestResult name=verifyProductPrice status=SUCCESS method=WebOrder_Product_Price_Discount_Verification.verifyProductPrice(java.lang.String,java.lang.String)[pri:0, instance:com.webOrders.test.WebOrder_Product_Price_Discount_Verification@13df2a8c] output={null}]]]>
              </value>
            </param>
          </params>
          <reporter-output>
          </reporter-output>
        </test-method> <!-- takeScreenshot -->
        <test-method is-config="true" signature="tearDown()[pri:0, instance:com.webOrders.test.WebOrder_Product_Price_Discount_Verification@13df2a8c]" started-at="2026-07-22T14:38:15 IST" name="tearDown" finished-at="2026-07-22T14:38:21 IST" duration-ms="5912" status="PASS">
          <reporter-output>
          </reporter-output>
        </test-method> <!-- tearDown -->
      </class> <!-- com.webOrders.test.WebOrder_Product_Price_Discount_Verification -->
      <class name="com.webOrders.test.WebOrder_Order_Test">
        <test-method is-config="true" signature="initializeTestBaseSetup(java.lang.String,java.lang.String)[pri:0, instance:com.webOrders.test.WebOrder_Order_Test@70e38ce1]" started-at="2026-07-22T14:40:29 IST" name="initializeTestBaseSetup" finished-at="2026-07-22T14:40:37 IST" duration-ms="7577" status="PASS">
          <params>
            <param index="0">
              <value>
                <![CDATA[edge]]>
              </value>
            </param>
            <param index="1">
              <value>
                <![CDATA[http://secure.smartbearsoftware.com/samples/TestComplete11/WebOrders/Login.aspx?ReturnUrl=%2fsamples%2fTestComplete11%2fWebOrders%2fDefault.aspx]]>
              </value>
            </param>
          </params>
          <reporter-output>
          </reporter-output>
        </test-method> <!-- initializeTestBaseSetup -->
        <test-method is-config="true" signature="setUp()[pri:0, instance:com.webOrders.test.WebOrder_Order_Test@70e38ce1]" started-at="2026-07-22T14:40:37 IST" name="setUp" finished-at="2026-07-22T14:40:37 IST" duration-ms="1" status="PASS">
          <reporter-output>
          </reporter-output>
        </test-method> <!-- setUp -->
        <test-method signature="createAndVerifyOrder(java.lang.String,java.lang.String,java.lang.String,java.lang.String,java.lang.String,java.lang.String,java.lang.String,java.lang.String,java.lang.String,java.lang.String,java.lang.String)[pri:2, instance:com.webOrders.test.WebOrder_Order_Test@70e38ce1]" started-at="2026-07-22T14:40:39 IST" name="createAndVerifyOrder" description="create and verify new Orders" data-provider="OrdersExcelData" finished-at="2026-07-22T14:40:53 IST" duration-ms="13586" status="PASS">
          <params>
            <param index="0">
              <value>
                <![CDATA[MyMoney]]>
              </value>
            </param>
            <param index="1">
              <value>
                <![CDATA[1]]>
              </value>
            </param>
            <param index="2">
              <value>
                <![CDATA[Vineet]]>
              </value>
            </param>
            <param index="3">
              <value>
                <![CDATA[123 main St]]>
              </value>
            </param>
            <param index="4">
              <value>
                <![CDATA[Dallas]]>
              </value>
            </param>
            <param index="5">
              <value>
                <![CDATA[ABC]]>
              </value>
            </param>
            <param index="6">
              <value>
                <![CDATA[10101]]>
              </value>
            </param>
            <param index="7">
              <value>
                <![CDATA[Visa]]>
              </value>
            </param>
            <param index="8">
              <value>
                <![CDATA[231232]]>
              </value>
            </param>
            <param index="9">
              <value>
                <![CDATA[01/29]]>
              </value>
            </param>
            <param index="10">
              <value>
                <![CDATA[success]]>
              </value>
            </param>
          </params>
          <reporter-output>
          </reporter-output>
        </test-method> <!-- createAndVerifyOrder -->
        <test-method is-config="true" signature="takeScreenshot(org.testng.ITestResult)[pri:0, instance:com.webOrders.test.WebOrder_Order_Test@70e38ce1]" started-at="2026-07-22T14:40:53 IST" name="takeScreenshot" finished-at="2026-07-22T14:40:53 IST" duration-ms="2" status="PASS">
          <params>
            <param index="0">
              <value>
                <![CDATA[[TestResult name=createAndVerifyOrder status=SUCCESS method=WebOrder_Order_Test.createAndVerifyOrder(java.lang.String,java.lang.String,java.lang.String,java.lang.String,java.lang.String,java.lang.String,java.lang.String,java.lang.String,java.lang.String,java.lang.String,java.lang.String)[pri:2, instance:com.webOrders.test.WebOrder_Order_Test@70e38ce1] output={null}]]]>
              </value>
            </param>
          </params>
          <reporter-output>
          </reporter-output>
        </test-method> <!-- takeScreenshot -->
        <test-method signature="createAndVerifyOrder(java.lang.String,java.lang.String,java.lang.String,java.lang.String,java.lang.String,java.lang.String,java.lang.String,java.lang.String,java.lang.String,java.lang.String,java.lang.String)[pri:2, instance:com.webOrders.test.WebOrder_Order_Test@70e38ce1]" started-at="2026-07-22T14:40:53 IST" name="createAndVerifyOrder" description="create and verify new Orders" data-provider="OrdersExcelData" finished-at="2026-07-22T14:41:05 IST" duration-ms="12152" status="PASS">
          <params>
            <param index="0">
              <value>
                <![CDATA[ScreenSaver]]>
              </value>
            </param>
            <param index="1">
              <value>
                <![CDATA[34]]>
              </value>
            </param>
            <param index="2">
              <value>
                <![CDATA[Vineet2]]>
              </value>
            </param>
            <param index="3">
              <value>
                <![CDATA[123 main St]]>
              </value>
            </param>
            <param index="4">
              <value>
                <![CDATA[NY City]]>
              </value>
            </param>
            <param index="5">
              <value>
                <![CDATA[ABC]]>
              </value>
            </param>
            <param index="6">
              <value>
                <![CDATA[90909]]>
              </value>
            </param>
            <param index="7">
              <value>
                <![CDATA[Visa]]>
              </value>
            </param>
            <param index="8">
              <value>
                <![CDATA[231232]]>
              </value>
            </param>
            <param index="9">
              <value>
                <![CDATA[02/29]]>
              </value>
            </param>
            <param index="10">
              <value>
                <![CDATA[success]]>
              </value>
            </param>
          </params>
          <reporter-output>
          </reporter-output>
        </test-method> <!-- createAndVerifyOrder -->
        <test-method is-config="true" signature="takeScreenshot(org.testng.ITestResult)[pri:0, instance:com.webOrders.test.WebOrder_Order_Test@70e38ce1]" started-at="2026-07-22T14:41:05 IST" name="takeScreenshot" finished-at="2026-07-22T14:41:05 IST" duration-ms="4" status="PASS">
          <params>
            <param index="0">
              <value>
                <![CDATA[[TestResult name=createAndVerifyOrder status=SUCCESS method=WebOrder_Order_Test.createAndVerifyOrder(java.lang.String,java.lang.String,java.lang.String,java.lang.String,java.lang.String,java.lang.String,java.lang.String,java.lang.String,java.lang.String,java.lang.String,java.lang.String)[pri:2, instance:com.webOrders.test.WebOrder_Order_Test@70e38ce1] output={null}]]]>
              </value>
            </param>
          </params>
          <reporter-output>
          </reporter-output>
        </test-method> <!-- takeScreenshot -->
        <test-method signature="createAndVerifyOrder(java.lang.String,java.lang.String,java.lang.String,java.lang.String,java.lang.String,java.lang.String,java.lang.String,java.lang.String,java.lang.String,java.lang.String,java.lang.String)[pri:2, instance:com.webOrders.test.WebOrder_Order_Test@70e38ce1]" started-at="2026-07-22T14:41:05 IST" name="createAndVerifyOrder" description="create and verify new Orders" data-provider="OrdersExcelData" finished-at="2026-07-22T14:41:29 IST" duration-ms="23315" status="PASS">
          <params>
            <param index="0">
              <value>
                <![CDATA[MyMoney]]>
              </value>
            </param>
            <param index="1">
              <value>
                <![CDATA[]]>
              </value>
            </param>
            <param index="2">
              <value>
                <![CDATA[Vineet]]>
              </value>
            </param>
            <param index="3">
              <value>
                <![CDATA[123 main St]]>
              </value>
            </param>
            <param index="4">
              <value>
                <![CDATA[Dallas]]>
              </value>
            </param>
            <param index="5">
              <value>
                <![CDATA[ABC]]>
              </value>
            </param>
            <param index="6">
              <value>
                <![CDATA[10101]]>
              </value>
            </param>
            <param index="7">
              <value>
                <![CDATA[Visa]]>
              </value>
            </param>
            <param index="8">
              <value>
                <![CDATA[231232]]>
              </value>
            </param>
            <param index="9">
              <value>
                <![CDATA[03/29]]>
              </value>
            </param>
            <param index="10">
              <value>
                <![CDATA[empty_quantity]]>
              </value>
            </param>
          </params>
          <reporter-output>
          </reporter-output>
        </test-method> <!-- createAndVerifyOrder -->
        <test-method is-config="true" signature="takeScreenshot(org.testng.ITestResult)[pri:0, instance:com.webOrders.test.WebOrder_Order_Test@70e38ce1]" started-at="2026-07-22T14:41:29 IST" name="takeScreenshot" finished-at="2026-07-22T14:41:29 IST" duration-ms="2" status="PASS">
          <params>
            <param index="0">
              <value>
                <![CDATA[[TestResult name=createAndVerifyOrder status=SUCCESS method=WebOrder_Order_Test.createAndVerifyOrder(java.lang.String,java.lang.String,java.lang.String,java.lang.String,java.lang.String,java.lang.String,java.lang.String,java.lang.String,java.lang.String,java.lang.String,java.lang.String)[pri:2, instance:com.webOrders.test.WebOrder_Order_Test@70e38ce1] output={null}]]]>
              </value>
            </param>
          </params>
          <reporter-output>
          </reporter-output>
        </test-method> <!-- takeScreenshot -->
        <test-method signature="createAndVerifyOrder(java.lang.String,java.lang.String,java.lang.String,java.lang.String,java.lang.String,java.lang.String,java.lang.String,java.lang.String,java.lang.String,java.lang.String,java.lang.String)[pri:2, instance:com.webOrders.test.WebOrder_Order_Test@70e38ce1]" started-at="2026-07-22T14:41:29 IST" name="createAndVerifyOrder" description="create and verify new Orders" data-provider="OrdersExcelData" finished-at="2026-07-22T14:41:37 IST" duration-ms="8551" status="PASS">
          <params>
            <param index="0">
              <value>
                <![CDATA[ScreenSaver]]>
              </value>
            </param>
            <param index="1">
              <value>
                <![CDATA[0]]>
              </value>
            </param>
            <param index="2">
              <value>
                <![CDATA[Vineet2]]>
              </value>
            </param>
            <param index="3">
              <value>
                <![CDATA[123 main St]]>
              </value>
            </param>
            <param index="4">
              <value>
                <![CDATA[NY City]]>
              </value>
            </param>
            <param index="5">
              <value>
                <![CDATA[ABC]]>
              </value>
            </param>
            <param index="6">
              <value>
                <![CDATA[90909]]>
              </value>
            </param>
            <param index="7">
              <value>
                <![CDATA[Visa]]>
              </value>
            </param>
            <param index="8">
              <value>
                <![CDATA[231232]]>
              </value>
            </param>
            <param index="9">
              <value>
                <![CDATA[04/29]]>
              </value>
            </param>
            <param index="10">
              <value>
                <![CDATA[invalid_quantity]]>
              </value>
            </param>
          </params>
          <reporter-output>
          </reporter-output>
        </test-method> <!-- createAndVerifyOrder -->
        <test-method is-config="true" signature="takeScreenshot(org.testng.ITestResult)[pri:0, instance:com.webOrders.test.WebOrder_Order_Test@70e38ce1]" started-at="2026-07-22T14:41:37 IST" name="takeScreenshot" finished-at="2026-07-22T14:41:37 IST" duration-ms="1" status="PASS">
          <params>
            <param index="0">
              <value>
                <![CDATA[[TestResult name=createAndVerifyOrder status=SUCCESS method=WebOrder_Order_Test.createAndVerifyOrder(java.lang.String,java.lang.String,java.lang.String,java.lang.String,java.lang.String,java.lang.String,java.lang.String,java.lang.String,java.lang.String,java.lang.String,java.lang.String)[pri:2, instance:com.webOrders.test.WebOrder_Order_Test@70e38ce1] output={null}]]]>
              </value>
            </param>
          </params>
          <reporter-output>
          </reporter-output>
        </test-method> <!-- takeScreenshot -->
        <test-method signature="createAndVerifyOrder(java.lang.String,java.lang.String,java.lang.String,java.lang.String,java.lang.String,java.lang.String,java.lang.String,java.lang.String,java.lang.String,java.lang.String,java.lang.String)[pri:2, instance:com.webOrders.test.WebOrder_Order_Test@70e38ce1]" started-at="2026-07-22T14:41:37 IST" name="createAndVerifyOrder" description="create and verify new Orders" data-provider="OrdersExcelData" finished-at="2026-07-22T14:41:46 IST" duration-ms="8641" status="PASS">
          <params>
            <param index="0">
              <value>
                <![CDATA[MyMoney]]>
              </value>
            </param>
            <param index="1">
              <value>
                <![CDATA[1]]>
              </value>
            </param>
            <param index="2">
              <value>
                <![CDATA[ ]]>
              </value>
            </param>
            <param index="3">
              <value>
                <![CDATA[123 main St]]>
              </value>
            </param>
            <param index="4">
              <value>
                <![CDATA[Dallas]]>
              </value>
            </param>
            <param index="5">
              <value>
                <![CDATA[ABC]]>
              </value>
            </param>
            <param index="6">
              <value>
                <![CDATA[10101]]>
              </value>
            </param>
            <param index="7">
              <value>
                <![CDATA[Visa]]>
              </value>
            </param>
            <param index="8">
              <value>
                <![CDATA[231232]]>
              </value>
            </param>
            <param index="9">
              <value>
                <![CDATA[05/29]]>
              </value>
            </param>
            <param index="10">
              <value>
                <![CDATA[empty_name]]>
              </value>
            </param>
          </params>
          <reporter-output>
          </reporter-output>
        </test-method> <!-- createAndVerifyOrder -->
        <test-method is-config="true" signature="takeScreenshot(org.testng.ITestResult)[pri:0, instance:com.webOrders.test.WebOrder_Order_Test@70e38ce1]" started-at="2026-07-22T14:41:46 IST" name="takeScreenshot" finished-at="2026-07-22T14:41:46 IST" duration-ms="2" status="PASS">
          <params>
            <param index="0">
              <value>
                <![CDATA[[TestResult name=createAndVerifyOrder status=SUCCESS method=WebOrder_Order_Test.createAndVerifyOrder(java.lang.String,java.lang.String,java.lang.String,java.lang.String,java.lang.String,java.lang.String,java.lang.String,java.lang.String,java.lang.String,java.lang.String,java.lang.String)[pri:2, instance:com.webOrders.test.WebOrder_Order_Test@70e38ce1] output={null}]]]>
              </value>
            </param>
          </params>
          <reporter-output>
          </reporter-output>
        </test-method> <!-- takeScreenshot -->
        <test-method signature="createAndVerifyOrder(java.lang.String,java.lang.String,java.lang.String,java.lang.String,java.lang.String,java.lang.String,java.lang.String,java.lang.String,java.lang.String,java.lang.String,java.lang.String)[pri:2, instance:com.webOrders.test.WebOrder_Order_Test@70e38ce1]" started-at="2026-07-22T14:41:46 IST" name="createAndVerifyOrder" description="create and verify new Orders" data-provider="OrdersExcelData" finished-at="2026-07-22T14:41:55 IST" duration-ms="9097" status="PASS">
          <params>
            <param index="0">
              <value>
                <![CDATA[MyMoney]]>
              </value>
            </param>
            <param index="1">
              <value>
                <![CDATA[1]]>
              </value>
            </param>
            <param index="2">
              <value>
                <![CDATA[Vineet]]>
              </value>
            </param>
            <param index="3">
              <value>
                <![CDATA[ ]]>
              </value>
            </param>
            <param index="4">
              <value>
                <![CDATA[Dallas]]>
              </value>
            </param>
            <param index="5">
              <value>
                <![CDATA[ABC]]>
              </value>
            </param>
            <param index="6">
              <value>
                <![CDATA[10101]]>
              </value>
            </param>
            <param index="7">
              <value>
                <![CDATA[Visa]]>
              </value>
            </param>
            <param index="8">
              <value>
                <![CDATA[231232]]>
              </value>
            </param>
            <param index="9">
              <value>
                <![CDATA[06/29]]>
              </value>
            </param>
            <param index="10">
              <value>
                <![CDATA[empty_street]]>
              </value>
            </param>
          </params>
          <reporter-output>
          </reporter-output>
        </test-method> <!-- createAndVerifyOrder -->
        <test-method is-config="true" signature="takeScreenshot(org.testng.ITestResult)[pri:0, instance:com.webOrders.test.WebOrder_Order_Test@70e38ce1]" started-at="2026-07-22T14:41:55 IST" name="takeScreenshot" finished-at="2026-07-22T14:41:55 IST" duration-ms="0" status="PASS">
          <params>
            <param index="0">
              <value>
                <![CDATA[[TestResult name=createAndVerifyOrder status=SUCCESS method=WebOrder_Order_Test.createAndVerifyOrder(java.lang.String,java.lang.String,java.lang.String,java.lang.String,java.lang.String,java.lang.String,java.lang.String,java.lang.String,java.lang.String,java.lang.String,java.lang.String)[pri:2, instance:com.webOrders.test.WebOrder_Order_Test@70e38ce1] output={null}]]]>
              </value>
            </param>
          </params>
          <reporter-output>
          </reporter-output>
        </test-method> <!-- takeScreenshot -->
        <test-method signature="createAndVerifyOrder(java.lang.String,java.lang.String,java.lang.String,java.lang.String,java.lang.String,java.lang.String,java.lang.String,java.lang.String,java.lang.String,java.lang.String,java.lang.String)[pri:2, instance:com.webOrders.test.WebOrder_Order_Test@70e38ce1]" started-at="2026-07-22T14:41:55 IST" name="createAndVerifyOrder" description="create and verify new Orders" data-provider="OrdersExcelData" finished-at="2026-07-22T14:42:05 IST" duration-ms="10137" status="PASS">
          <params>
            <param index="0">
              <value>
                <![CDATA[ScreenSaver]]>
              </value>
            </param>
            <param index="1">
              <value>
                <![CDATA[34]]>
              </value>
            </param>
            <param index="2">
              <value>
                <![CDATA[Vineet2]]>
              </value>
            </param>
            <param index="3">
              <value>
                <![CDATA[123 main St]]>
              </value>
            </param>
            <param index="4">
              <value>
                <![CDATA[ ]]>
              </value>
            </param>
            <param index="5">
              <value>
                <![CDATA[ABC]]>
              </value>
            </param>
            <param index="6">
              <value>
                <![CDATA[90909]]>
              </value>
            </param>
            <param index="7">
              <value>
                <![CDATA[Visa]]>
              </value>
            </param>
            <param index="8">
              <value>
                <![CDATA[231232]]>
              </value>
            </param>
            <param index="9">
              <value>
                <![CDATA[07/29]]>
              </value>
            </param>
            <param index="10">
              <value>
                <![CDATA[empty_city]]>
              </value>
            </param>
          </params>
          <reporter-output>
          </reporter-output>
        </test-method> <!-- createAndVerifyOrder -->
        <test-method is-config="true" signature="takeScreenshot(org.testng.ITestResult)[pri:0, instance:com.webOrders.test.WebOrder_Order_Test@70e38ce1]" started-at="2026-07-22T14:42:06 IST" name="takeScreenshot" finished-at="2026-07-22T14:42:06 IST" duration-ms="0" status="PASS">
          <params>
            <param index="0">
              <value>
                <![CDATA[[TestResult name=createAndVerifyOrder status=SUCCESS method=WebOrder_Order_Test.createAndVerifyOrder(java.lang.String,java.lang.String,java.lang.String,java.lang.String,java.lang.String,java.lang.String,java.lang.String,java.lang.String,java.lang.String,java.lang.String,java.lang.String)[pri:2, instance:com.webOrders.test.WebOrder_Order_Test@70e38ce1] output={null}]]]>
              </value>
            </param>
          </params>
          <reporter-output>
          </reporter-output>
        </test-method> <!-- takeScreenshot -->
        <test-method signature="createAndVerifyOrder(java.lang.String,java.lang.String,java.lang.String,java.lang.String,java.lang.String,java.lang.String,java.lang.String,java.lang.String,java.lang.String,java.lang.String,java.lang.String)[pri:2, instance:com.webOrders.test.WebOrder_Order_Test@70e38ce1]" started-at="2026-07-22T14:42:06 IST" name="createAndVerifyOrder" description="create and verify new Orders" data-provider="OrdersExcelData" finished-at="2026-07-22T14:42:15 IST" duration-ms="9387" status="PASS">
          <params>
            <param index="0">
              <value>
                <![CDATA[MyMoney]]>
              </value>
            </param>
            <param index="1">
              <value>
                <![CDATA[1]]>
              </value>
            </param>
            <param index="2">
              <value>
                <![CDATA[Vineet]]>
              </value>
            </param>
            <param index="3">
              <value>
                <![CDATA[123 main St]]>
              </value>
            </param>
            <param index="4">
              <value>
                <![CDATA[Dallas]]>
              </value>
            </param>
            <param index="5">
              <value>
                <![CDATA[ABC]]>
              </value>
            </param>
            <param index="6">
              <value>
                <![CDATA[ ]]>
              </value>
            </param>
            <param index="7">
              <value>
                <![CDATA[Visa]]>
              </value>
            </param>
            <param index="8">
              <value>
                <![CDATA[231232]]>
              </value>
            </param>
            <param index="9">
              <value>
                <![CDATA[08/29]]>
              </value>
            </param>
            <param index="10">
              <value>
                <![CDATA[empty_zip]]>
              </value>
            </param>
          </params>
          <reporter-output>
          </reporter-output>
        </test-method> <!-- createAndVerifyOrder -->
        <test-method is-config="true" signature="takeScreenshot(org.testng.ITestResult)[pri:0, instance:com.webOrders.test.WebOrder_Order_Test@70e38ce1]" started-at="2026-07-22T14:42:15 IST" name="takeScreenshot" finished-at="2026-07-22T14:42:15 IST" duration-ms="2" status="PASS">
          <params>
            <param index="0">
              <value>
                <![CDATA[[TestResult name=createAndVerifyOrder status=SUCCESS method=WebOrder_Order_Test.createAndVerifyOrder(java.lang.String,java.lang.String,java.lang.String,java.lang.String,java.lang.String,java.lang.String,java.lang.String,java.lang.String,java.lang.String,java.lang.String,java.lang.String)[pri:2, instance:com.webOrders.test.WebOrder_Order_Test@70e38ce1] output={null}]]]>
              </value>
            </param>
          </params>
          <reporter-output>
          </reporter-output>
        </test-method> <!-- takeScreenshot -->
        <test-method signature="createAndVerifyOrder(java.lang.String,java.lang.String,java.lang.String,java.lang.String,java.lang.String,java.lang.String,java.lang.String,java.lang.String,java.lang.String,java.lang.String,java.lang.String)[pri:2, instance:com.webOrders.test.WebOrder_Order_Test@70e38ce1]" started-at="2026-07-22T14:42:15 IST" name="createAndVerifyOrder" description="create and verify new Orders" data-provider="OrdersExcelData" finished-at="2026-07-22T14:42:26 IST" duration-ms="10653" status="PASS">
          <params>
            <param index="0">
              <value>
                <![CDATA[ScreenSaver]]>
              </value>
            </param>
            <param index="1">
              <value>
                <![CDATA[34]]>
              </value>
            </param>
            <param index="2">
              <value>
                <![CDATA[Vineet2]]>
              </value>
            </param>
            <param index="3">
              <value>
                <![CDATA[123 main St]]>
              </value>
            </param>
            <param index="4">
              <value>
                <![CDATA[NY City]]>
              </value>
            </param>
            <param index="5">
              <value>
                <![CDATA[ABC]]>
              </value>
            </param>
            <param index="6">
              <value>
                <![CDATA[asdasds]]>
              </value>
            </param>
            <param index="7">
              <value>
                <![CDATA[Visa]]>
              </value>
            </param>
            <param index="8">
              <value>
                <![CDATA[231232]]>
              </value>
            </param>
            <param index="9">
              <value>
                <![CDATA[09/29]]>
              </value>
            </param>
            <param index="10">
              <value>
                <![CDATA[invalid_zip]]>
              </value>
            </param>
          </params>
          <reporter-output>
          </reporter-output>
        </test-method> <!-- createAndVerifyOrder -->
        <test-method signature="createAndVerifyOrder(java.lang.String,java.lang.String,java.lang.String,java.lang.String,java.lang.String,java.lang.String,java.lang.String,java.lang.String,java.lang.String,java.lang.String,java.lang.String)[pri:2, instance:com.webOrders.test.WebOrder_Order_Test@70e38ce1]" started-at="2026-07-22T14:42:26 IST" name="createAndVerifyOrder" description="create and verify new Orders" data-provider="OrdersExcelData" finished-at="2026-07-22T14:42:34 IST" duration-ms="8318" status="PASS">
          <params>
            <param index="0">
              <value>
                <![CDATA[MyMoney]]>
              </value>
            </param>
            <param index="1">
              <value>
                <![CDATA[1]]>
              </value>
            </param>
            <param index="2">
              <value>
                <![CDATA[Vineet]]>
              </value>
            </param>
            <param index="3">
              <value>
                <![CDATA[123 main St]]>
              </value>
            </param>
            <param index="4">
              <value>
                <![CDATA[Dallas]]>
              </value>
            </param>
            <param index="5">
              <value>
                <![CDATA[ABC]]>
              </value>
            </param>
            <param index="6">
              <value>
                <![CDATA[10101]]>
              </value>
            </param>
            <param index="7">
              <value>
                <![CDATA[Visa]]>
              </value>
            </param>
            <param index="8">
              <value>
                <![CDATA[ ]]>
              </value>
            </param>
            <param index="9">
              <value>
                <![CDATA[10/29]]>
              </value>
            </param>
            <param index="10">
              <value>
                <![CDATA[empty_cardnr]]>
              </value>
            </param>
          </params>
          <reporter-output>
          </reporter-output>
        </test-method> <!-- createAndVerifyOrder -->
        <test-method is-config="true" signature="takeScreenshot(org.testng.ITestResult)[pri:0, instance:com.webOrders.test.WebOrder_Order_Test@70e38ce1]" started-at="2026-07-22T14:42:26 IST" name="takeScreenshot" finished-at="2026-07-22T14:42:26 IST" duration-ms="0" status="PASS">
          <params>
            <param index="0">
              <value>
                <![CDATA[[TestResult name=createAndVerifyOrder status=SUCCESS method=WebOrder_Order_Test.createAndVerifyOrder(java.lang.String,java.lang.String,java.lang.String,java.lang.String,java.lang.String,java.lang.String,java.lang.String,java.lang.String,java.lang.String,java.lang.String,java.lang.String)[pri:2, instance:com.webOrders.test.WebOrder_Order_Test@70e38ce1] output={null}]]]>
              </value>
            </param>
          </params>
          <reporter-output>
          </reporter-output>
        </test-method> <!-- takeScreenshot -->
        <test-method is-config="true" signature="takeScreenshot(org.testng.ITestResult)[pri:0, instance:com.webOrders.test.WebOrder_Order_Test@70e38ce1]" started-at="2026-07-22T14:42:34 IST" name="takeScreenshot" finished-at="2026-07-22T14:42:34 IST" duration-ms="1" status="PASS">
          <params>
            <param index="0">
              <value>
                <![CDATA[[TestResult name=createAndVerifyOrder status=SUCCESS method=WebOrder_Order_Test.createAndVerifyOrder(java.lang.String,java.lang.String,java.lang.String,java.lang.String,java.lang.String,java.lang.String,java.lang.String,java.lang.String,java.lang.String,java.lang.String,java.lang.String)[pri:2, instance:com.webOrders.test.WebOrder_Order_Test@70e38ce1] output={null}]]]>
              </value>
            </param>
          </params>
          <reporter-output>
          </reporter-output>
        </test-method> <!-- takeScreenshot -->
        <test-method signature="createAndVerifyOrder(java.lang.String,java.lang.String,java.lang.String,java.lang.String,java.lang.String,java.lang.String,java.lang.String,java.lang.String,java.lang.String,java.lang.String,java.lang.String)[pri:2, instance:com.webOrders.test.WebOrder_Order_Test@70e38ce1]" started-at="2026-07-22T14:42:34 IST" name="createAndVerifyOrder" description="create and verify new Orders" data-provider="OrdersExcelData" finished-at="2026-07-22T14:42:43 IST" duration-ms="8399" status="PASS">
          <params>
            <param index="0">
              <value>
                <![CDATA[ScreenSaver]]>
              </value>
            </param>
            <param index="1">
              <value>
                <![CDATA[34]]>
              </value>
            </param>
            <param index="2">
              <value>
                <![CDATA[Vineet2]]>
              </value>
            </param>
            <param index="3">
              <value>
                <![CDATA[123 main St]]>
              </value>
            </param>
            <param index="4">
              <value>
                <![CDATA[NY City]]>
              </value>
            </param>
            <param index="5">
              <value>
                <![CDATA[ABC]]>
              </value>
            </param>
            <param index="6">
              <value>
                <![CDATA[90909]]>
              </value>
            </param>
            <param index="7">
              <value>
                <![CDATA[Visa]]>
              </value>
            </param>
            <param index="8">
              <value>
                <![CDATA[dsadsadsada]]>
              </value>
            </param>
            <param index="9">
              <value>
                <![CDATA[11/29]]>
              </value>
            </param>
            <param index="10">
              <value>
                <![CDATA[invalid_cardnr]]>
              </value>
            </param>
          </params>
          <reporter-output>
          </reporter-output>
        </test-method> <!-- createAndVerifyOrder -->
        <test-method is-config="true" signature="takeScreenshot(org.testng.ITestResult)[pri:0, instance:com.webOrders.test.WebOrder_Order_Test@70e38ce1]" started-at="2026-07-22T14:42:43 IST" name="takeScreenshot" finished-at="2026-07-22T14:42:43 IST" duration-ms="1" status="PASS">
          <params>
            <param index="0">
              <value>
                <![CDATA[[TestResult name=createAndVerifyOrder status=SUCCESS method=WebOrder_Order_Test.createAndVerifyOrder(java.lang.String,java.lang.String,java.lang.String,java.lang.String,java.lang.String,java.lang.String,java.lang.String,java.lang.String,java.lang.String,java.lang.String,java.lang.String)[pri:2, instance:com.webOrders.test.WebOrder_Order_Test@70e38ce1] output={null}]]]>
              </value>
            </param>
          </params>
          <reporter-output>
          </reporter-output>
        </test-method> <!-- takeScreenshot -->
        <test-method signature="createAndVerifyOrder(java.lang.String,java.lang.String,java.lang.String,java.lang.String,java.lang.String,java.lang.String,java.lang.String,java.lang.String,java.lang.String,java.lang.String,java.lang.String)[pri:2, instance:com.webOrders.test.WebOrder_Order_Test@70e38ce1]" started-at="2026-07-22T14:42:43 IST" name="createAndVerifyOrder" description="create and verify new Orders" data-provider="OrdersExcelData" finished-at="2026-07-22T14:42:51 IST" duration-ms="8241" status="PASS">
          <params>
            <param index="0">
              <value>
                <![CDATA[MyMoney]]>
              </value>
            </param>
            <param index="1">
              <value>
                <![CDATA[1]]>
              </value>
            </param>
            <param index="2">
              <value>
                <![CDATA[Vineet]]>
              </value>
            </param>
            <param index="3">
              <value>
                <![CDATA[123 main St]]>
              </value>
            </param>
            <param index="4">
              <value>
                <![CDATA[Dallas]]>
              </value>
            </param>
            <param index="5">
              <value>
                <![CDATA[ABC]]>
              </value>
            </param>
            <param index="6">
              <value>
                <![CDATA[10101]]>
              </value>
            </param>
            <param index="7">
              <value>
                <![CDATA[Visa]]>
              </value>
            </param>
            <param index="8">
              <value>
                <![CDATA[213213]]>
              </value>
            </param>
            <param index="9">
              <value>
                <![CDATA[ ]]>
              </value>
            </param>
            <param index="10">
              <value>
                <![CDATA[empty_expdate]]>
              </value>
            </param>
          </params>
          <reporter-output>
          </reporter-output>
        </test-method> <!-- createAndVerifyOrder -->
        <test-method is-config="true" signature="takeScreenshot(org.testng.ITestResult)[pri:0, instance:com.webOrders.test.WebOrder_Order_Test@70e38ce1]" started-at="2026-07-22T14:42:51 IST" name="takeScreenshot" finished-at="2026-07-22T14:42:51 IST" duration-ms="1" status="PASS">
          <params>
            <param index="0">
              <value>
                <![CDATA[[TestResult name=createAndVerifyOrder status=SUCCESS method=WebOrder_Order_Test.createAndVerifyOrder(java.lang.String,java.lang.String,java.lang.String,java.lang.String,java.lang.String,java.lang.String,java.lang.String,java.lang.String,java.lang.String,java.lang.String,java.lang.String)[pri:2, instance:com.webOrders.test.WebOrder_Order_Test@70e38ce1] output={null}]]]>
              </value>
            </param>
          </params>
          <reporter-output>
          </reporter-output>
        </test-method> <!-- takeScreenshot -->
        <test-method signature="createAndVerifyOrder(java.lang.String,java.lang.String,java.lang.String,java.lang.String,java.lang.String,java.lang.String,java.lang.String,java.lang.String,java.lang.String,java.lang.String,java.lang.String)[pri:2, instance:com.webOrders.test.WebOrder_Order_Test@70e38ce1]" started-at="2026-07-22T14:42:51 IST" name="createAndVerifyOrder" description="create and verify new Orders" data-provider="OrdersExcelData" finished-at="2026-07-22T14:43:00 IST" duration-ms="9021" status="PASS">
          <params>
            <param index="0">
              <value>
                <![CDATA[MyMoney]]>
              </value>
            </param>
            <param index="1">
              <value>
                <![CDATA[1]]>
              </value>
            </param>
            <param index="2">
              <value>
                <![CDATA[Vineet]]>
              </value>
            </param>
            <param index="3">
              <value>
                <![CDATA[123 main St]]>
              </value>
            </param>
            <param index="4">
              <value>
                <![CDATA[Dallas]]>
              </value>
            </param>
            <param index="5">
              <value>
                <![CDATA[ABC]]>
              </value>
            </param>
            <param index="6">
              <value>
                <![CDATA[10101]]>
              </value>
            </param>
            <param index="7">
              <value>
                <![CDATA[Visa]]>
              </value>
            </param>
            <param index="8">
              <value>
                <![CDATA[2132131]]>
              </value>
            </param>
            <param index="9">
              <value>
                <![CDATA[dsss]]>
              </value>
            </param>
            <param index="10">
              <value>
                <![CDATA[invalid_date]]>
              </value>
            </param>
          </params>
          <reporter-output>
          </reporter-output>
        </test-method> <!-- createAndVerifyOrder -->
        <test-method is-config="true" signature="takeScreenshot(org.testng.ITestResult)[pri:0, instance:com.webOrders.test.WebOrder_Order_Test@70e38ce1]" started-at="2026-07-22T14:43:00 IST" name="takeScreenshot" finished-at="2026-07-22T14:43:00 IST" duration-ms="1" status="PASS">
          <params>
            <param index="0">
              <value>
                <![CDATA[[TestResult name=createAndVerifyOrder status=SUCCESS method=WebOrder_Order_Test.createAndVerifyOrder(java.lang.String,java.lang.String,java.lang.String,java.lang.String,java.lang.String,java.lang.String,java.lang.String,java.lang.String,java.lang.String,java.lang.String,java.lang.String)[pri:2, instance:com.webOrders.test.WebOrder_Order_Test@70e38ce1] output={null}]]]>
              </value>
            </param>
          </params>
          <reporter-output>
          </reporter-output>
        </test-method> <!-- takeScreenshot -->
        <test-method signature="createAndVerifyOrder(java.lang.String,java.lang.String,java.lang.String,java.lang.String,java.lang.String,java.lang.String,java.lang.String,java.lang.String,java.lang.String,java.lang.String,java.lang.String)[pri:2, instance:com.webOrders.test.WebOrder_Order_Test@70e38ce1]" started-at="2026-07-22T14:43:00 IST" name="createAndVerifyOrder" description="create and verify new Orders" data-provider="OrdersExcelData" finished-at="2026-07-22T14:43:11 IST" duration-ms="10243" status="PASS">
          <params>
            <param index="0">
              <value>
                <![CDATA[ScreenSaver]]>
              </value>
            </param>
            <param index="1">
              <value>
                <![CDATA[34]]>
              </value>
            </param>
            <param index="2">
              <value>
                <![CDATA[Vineet2]]>
              </value>
            </param>
            <param index="3">
              <value>
                <![CDATA[123 main St]]>
              </value>
            </param>
            <param index="4">
              <value>
                <![CDATA[NY City]]>
              </value>
            </param>
            <param index="5">
              <value>
                <![CDATA[ABC]]>
              </value>
            </param>
            <param index="6">
              <value>
                <![CDATA[90909]]>
              </value>
            </param>
            <param index="7">
              <value>
                <![CDATA[Visa]]>
              </value>
            </param>
            <param index="8">
              <value>
                <![CDATA[123213123]]>
              </value>
            </param>
            <param index="9">
              <value>
                <![CDATA[11/29]]>
              </value>
            </param>
            <param index="10">
              <value>
                <![CDATA[invalid_date]]>
              </value>
            </param>
          </params>
          <reporter-output>
          </reporter-output>
        </test-method> <!-- createAndVerifyOrder -->
        <test-method is-config="true" signature="takeScreenshot(org.testng.ITestResult)[pri:0, instance:com.webOrders.test.WebOrder_Order_Test@70e38ce1]" started-at="2026-07-22T14:43:11 IST" name="takeScreenshot" finished-at="2026-07-22T14:43:11 IST" duration-ms="3" status="PASS">
          <params>
            <param index="0">
              <value>
                <![CDATA[[TestResult name=createAndVerifyOrder status=SUCCESS method=WebOrder_Order_Test.createAndVerifyOrder(java.lang.String,java.lang.String,java.lang.String,java.lang.String,java.lang.String,java.lang.String,java.lang.String,java.lang.String,java.lang.String,java.lang.String,java.lang.String)[pri:2, instance:com.webOrders.test.WebOrder_Order_Test@70e38ce1] output={null}]]]>
              </value>
            </param>
          </params>
          <reporter-output>
          </reporter-output>
        </test-method> <!-- takeScreenshot -->
        <test-method is-config="true" signature="tearDown()[pri:0, instance:com.webOrders.test.WebOrder_Order_Test@70e38ce1]" started-at="2026-07-22T14:43:11 IST" name="tearDown" finished-at="2026-07-22T14:43:13 IST" duration-ms="2628" status="PASS">
          <reporter-output>
          </reporter-output>
        </test-method> <!-- tearDown -->
      </class> <!-- com.webOrders.test.WebOrder_Order_Test -->
      <class name="com.webOrders.test.WebOrder_ViewAllOrders_Test">
        <test-method is-config="true" signature="initializeTestBaseSetup(java.lang.String,java.lang.String)[pri:0, instance:com.webOrders.test.WebOrder_ViewAllOrders_Test@2ca923bb]" started-at="2026-07-22T14:39:15 IST" name="initializeTestBaseSetup" finished-at="2026-07-22T14:39:22 IST" duration-ms="7394" status="PASS">
          <params>
            <param index="0">
              <value>
                <![CDATA[edge]]>
              </value>
            </param>
            <param index="1">
              <value>
                <![CDATA[http://secure.smartbearsoftware.com/samples/TestComplete11/WebOrders/Login.aspx?ReturnUrl=%2fsamples%2fTestComplete11%2fWebOrders%2fDefault.aspx]]>
              </value>
            </param>
          </params>
          <reporter-output>
          </reporter-output>
        </test-method> <!-- initializeTestBaseSetup -->
        <test-method is-config="true" signature="setUp()[pri:0, instance:com.webOrders.test.WebOrder_ViewAllOrders_Test@2ca923bb]" started-at="2026-07-22T14:39:22 IST" name="setUp" finished-at="2026-07-22T14:39:22 IST" duration-ms="3" status="PASS">
          <reporter-output>
          </reporter-output>
        </test-method> <!-- setUp -->
        <test-method signature="verifyCheckAll()[pri:1, instance:com.webOrders.test.WebOrder_ViewAllOrders_Test@2ca923bb]" started-at="2026-07-22T14:39:22 IST" name="verifyCheckAll" description="Validate check all button" finished-at="2026-07-22T14:39:28 IST" duration-ms="5864" status="FAIL">
          <exception class="org.openqa.selenium.StaleElementReferenceException">
            <message>
              <![CDATA[stale element reference: stale element not found
  (Session info: MicrosoftEdge=150.0.4078.83)
For documentation on this error, please visit: https://www.selenium.dev/documentation/webdriver/troubleshooting/errors#stale-element-reference-exception
Build info: version: '4.35.0', revision: '1c58e5028b'
System info: os.name: 'Windows 11', os.arch: 'amd64', os.version: '10.0', java.version: '21.0.2'
Driver info: org.openqa.selenium.edge.EdgeDriver
Command: [4ec6e0df4493f01e25d38f56e137ce8c, findChildElements {value=//input[@type = 'checkbox'], id=f.01B7CCFE2E7D9F95FEFD558929D92B82.d.D4389CCD0E13D67FC403CB48BDF639BF.e.159, using=xpath}]
Capabilities {acceptInsecureCerts: false, browserName: MicrosoftEdge, browserVersion: 150.0.4078.83, fedcm:accounts: true, goog:processID: 34068, ms:edgeOptions: {debuggerAddress: localhost:59873}, msedge: {msedgedriverVersion: 150.0.4078.83 (7f302606e52a..., userDataDir: C:\Users\SOURAB~1\AppData\L...}, networkConnectionEnabled: false, pageLoadStrategy: normal, platformName: windows, proxy: Proxy(), se:cdp: ws://localhost:59873/devtoo..., se:cdpVersion: 150.0.4078.83, setWindowRect: true, strictFileInteractability: false, timeouts: {implicit: 0, pageLoad: 300000, script: 30000}, unhandledPromptBehavior: dismiss and notify, webauthn:extension:credBlob: true, webauthn:extension:largeBlob: true, webauthn:extension:minPinLength: true, webauthn:extension:prf: true, webauthn:virtualAuthenticators: true}
Session ID: 4ec6e0df4493f01e25d38f56e137ce8c]]>
            </message>
            <full-stacktrace>
              <![CDATA[org.openqa.selenium.StaleElementReferenceException: stale element reference: stale element not found
  (Session info: MicrosoftEdge=150.0.4078.83)
For documentation on this error, please visit: https://www.selenium.dev/documentation/webdriver/troubleshooting/errors#stale-element-reference-exception
Build info: version: '4.35.0', revision: '1c58e5028b'
System info: os.name: 'Windows 11', os.arch: 'amd64', os.version: '10.0', java.version: '21.0.2'
Driver info: org.openqa.selenium.edge.EdgeDriver
Command: [4ec6e0df4493f01e25d38f56e137ce8c, findChildElements {value=//input[@type = 'checkbox'], id=f.01B7CCFE2E7D9F95FEFD558929D92B82.d.D4389CCD0E13D67FC403CB48BDF639BF.e.159, using=xpath}]
Capabilities {acceptInsecureCerts: false, browserName: MicrosoftEdge, browserVersion: 150.0.4078.83, fedcm:accounts: true, goog:processID: 34068, ms:edgeOptions: {debuggerAddress: localhost:59873}, msedge: {msedgedriverVersion: 150.0.4078.83 (7f302606e52a..., userDataDir: C:\Users\SOURAB~1\AppData\L...}, networkConnectionEnabled: false, pageLoadStrategy: normal, platformName: windows, proxy: Proxy(), se:cdp: ws://localhost:59873/devtoo..., se:cdpVersion: 150.0.4078.83, setWindowRect: true, strictFileInteractability: false, timeouts: {implicit: 0, pageLoad: 300000, script: 30000}, unhandledPromptBehavior: dismiss and notify, webauthn:extension:credBlob: true, webauthn:extension:largeBlob: true, webauthn:extension:minPinLength: true, webauthn:extension:prf: true, webauthn:virtualAuthenticators: true}
Session ID: 4ec6e0df4493f01e25d38f56e137ce8c
at java.base/jdk.internal.reflect.DirectConstructorHandleAccessor.newInstance(DirectConstructorHandleAccessor.java:62)
at java.base/java.lang.reflect.Constructor.newInstanceWithCaller(Constructor.java:502)
at java.base/java.lang.reflect.Constructor.newInstance(Constructor.java:486)
at org.openqa.selenium.remote.ErrorCodec.decode(ErrorCodec.java:167)
at org.openqa.selenium.remote.codec.w3c.W3CHttpResponseCodec.decode(W3CHttpResponseCodec.java:138)
at org.openqa.selenium.remote.codec.w3c.W3CHttpResponseCodec.decode(W3CHttpResponseCodec.java:50)
at org.openqa.selenium.remote.HttpCommandExecutor.execute(HttpCommandExecutor.java:215)
at org.openqa.selenium.remote.service.DriverCommandExecutor.invokeExecute(DriverCommandExecutor.java:216)
at org.openqa.selenium.remote.service.DriverCommandExecutor.execute(DriverCommandExecutor.java:174)
at org.openqa.selenium.remote.RemoteWebDriver.execute(RemoteWebDriver.java:557)
at org.openqa.selenium.remote.ElementLocation$ElementFinder$2.findElements(ElementLocation.java:182)
at org.openqa.selenium.remote.ElementLocation.findElements(ElementLocation.java:103)
at org.openqa.selenium.remote.RemoteWebDriver.findElements(RemoteWebDriver.java:393)
at org.openqa.selenium.remote.RemoteWebElement.findElements(RemoteWebElement.java:203)
at java.base/jdk.internal.reflect.DirectMethodHandleAccessor.invoke(DirectMethodHandleAccessor.java:103)
at java.base/java.lang.reflect.Method.invoke(Method.java:580)
at org.openqa.selenium.support.pagefactory.internal.LocatingElementHandler.invoke(LocatingElementHandler.java:51)
at jdk.proxy2/jdk.proxy2.$Proxy17.findElements(Unknown Source)
at com.webOrders.home.WebOrders_ViewAllOrdersPage.verifyAllOrdersSelected(WebOrders_ViewAllOrdersPage.java:102)
at com.webOrders.test.WebOrder_ViewAllOrders_Test.verifyCheckAll(WebOrder_ViewAllOrders_Test.java:41)
at java.base/jdk.internal.reflect.DirectMethodHandleAccessor.invoke(DirectMethodHandleAccessor.java:103)
at java.base/java.lang.reflect.Method.invoke(Method.java:580)
at org.testng.internal.invokers.MethodInvocationHelper.invokeMethod(MethodInvocationHelper.java:141)
at org.testng.internal.invokers.TestInvoker.invokeMethod(TestInvoker.java:697)
at org.testng.internal.invokers.TestInvoker.invokeTestMethod(TestInvoker.java:230)
at org.testng.internal.invokers.MethodRunner.runInSequence(MethodRunner.java:63)
at org.testng.internal.invokers.TestInvoker$MethodInvocationAgent.invoke(TestInvoker.java:1005)
at org.testng.internal.invokers.TestInvoker.invokeTestMethods(TestInvoker.java:203)
at org.testng.internal.invokers.TestMethodWorker.invokeTestMethods(TestMethodWorker.java:154)
at org.testng.internal.invokers.TestMethodWorker.run(TestMethodWorker.java:134)
at java.base/java.util.concurrent.Executors$RunnableAdapter.call(Executors.java:572)
at java.base/java.util.concurrent.FutureTask.run(FutureTask.java:317)
at org.testng.internal.thread.graph.TestNGFutureTask.run(TestNGFutureTask.java:22)
at java.base/java.util.concurrent.ThreadPoolExecutor.runWorker(ThreadPoolExecutor.java:1144)
at java.base/java.util.concurrent.ThreadPoolExecutor$Worker.run(ThreadPoolExecutor.java:642)
at java.base/java.lang.Thread.run(Thread.java:1583)
]]>
            </full-stacktrace>
          </exception> <!-- org.openqa.selenium.StaleElementReferenceException -->
          <reporter-output>
          </reporter-output>
        </test-method> <!-- verifyCheckAll -->
        <test-method is-config="true" signature="takeScreenshot(org.testng.ITestResult)[pri:0, instance:com.webOrders.test.WebOrder_ViewAllOrders_Test@2ca923bb]" started-at="2026-07-22T14:39:28 IST" name="takeScreenshot" finished-at="2026-07-22T14:39:28 IST" duration-ms="129" status="PASS">
          <params>
            <param index="0">
              <value>
                <![CDATA[[TestResult name=verifyCheckAll status=FAILURE method=WebOrder_ViewAllOrders_Test.verifyCheckAll()[pri:1, instance:com.webOrders.test.WebOrder_ViewAllOrders_Test@2ca923bb] output={null}]]]>
              </value>
            </param>
          </params>
          <reporter-output>
          </reporter-output>
        </test-method> <!-- takeScreenshot -->
        <test-method signature="verifyUnCheckAll()[pri:2, instance:com.webOrders.test.WebOrder_ViewAllOrders_Test@2ca923bb]" started-at="2026-07-22T14:39:28 IST" name="verifyUnCheckAll" description="Validate uncheck all button" finished-at="2026-07-22T14:39:29 IST" duration-ms="769" status="PASS">
          <reporter-output>
          </reporter-output>
        </test-method> <!-- verifyUnCheckAll -->
        <test-method is-config="true" signature="takeScreenshot(org.testng.ITestResult)[pri:0, instance:com.webOrders.test.WebOrder_ViewAllOrders_Test@2ca923bb]" started-at="2026-07-22T14:39:29 IST" name="takeScreenshot" finished-at="2026-07-22T14:39:29 IST" duration-ms="1" status="PASS">
          <params>
            <param index="0">
              <value>
                <![CDATA[[TestResult name=verifyUnCheckAll status=SUCCESS method=WebOrder_ViewAllOrders_Test.verifyUnCheckAll()[pri:2, instance:com.webOrders.test.WebOrder_ViewAllOrders_Test@2ca923bb] output={null}]]]>
              </value>
            </param>
          </params>
          <reporter-output>
          </reporter-output>
        </test-method> <!-- takeScreenshot -->
        <test-method signature="verifyDeleteOrder()[pri:3, instance:com.webOrders.test.WebOrder_ViewAllOrders_Test@2ca923bb]" started-at="2026-07-22T14:39:29 IST" name="verifyDeleteOrder" description="Validate user can delete an order" finished-at="2026-07-22T14:39:31 IST" duration-ms="2282" status="PASS">
          <reporter-output>
          </reporter-output>
        </test-method> <!-- verifyDeleteOrder -->
        <test-method is-config="true" signature="takeScreenshot(org.testng.ITestResult)[pri:0, instance:com.webOrders.test.WebOrder_ViewAllOrders_Test@2ca923bb]" started-at="2026-07-22T14:39:31 IST" name="takeScreenshot" finished-at="2026-07-22T14:39:31 IST" duration-ms="2" status="PASS">
          <params>
            <param index="0">
              <value>
                <![CDATA[[TestResult name=verifyDeleteOrder status=SUCCESS method=WebOrder_ViewAllOrders_Test.verifyDeleteOrder()[pri:3, instance:com.webOrders.test.WebOrder_ViewAllOrders_Test@2ca923bb] output={null}]]]>
              </value>
            </param>
          </params>
          <reporter-output>
          </reporter-output>
        </test-method> <!-- takeScreenshot -->
        <test-method signature="verifyEditOrder(java.lang.String,java.lang.String,java.lang.String,java.lang.String,java.lang.String,java.lang.String,java.lang.String,java.lang.String,java.lang.String,java.lang.String,java.lang.String)[pri:4, instance:com.webOrders.test.WebOrder_ViewAllOrders_Test@2ca923bb]" started-at="2026-07-22T14:39:31 IST" name="verifyEditOrder" description="Validate user can edit an order" data-provider="Update Form" finished-at="2026-07-22T14:39:38 IST" duration-ms="6663" status="PASS">
          <params>
            <param index="0">
              <value>
                <![CDATA[MyMoney]]>
              </value>
            </param>
            <param index="1">
              <value>
                <![CDATA[5]]>
              </value>
            </param>
            <param index="2">
              <value>
                <![CDATA[Minh]]>
              </value>
            </param>
            <param index="3">
              <value>
                <![CDATA[123 Main St]]>
              </value>
            </param>
            <param index="4">
              <value>
                <![CDATA[Dallas]]>
              </value>
            </param>
            <param index="5">
              <value>
                <![CDATA[IL]]>
              </value>
            </param>
            <param index="6">
              <value>
                <![CDATA[75000]]>
              </value>
            </param>
            <param index="7">
              <value>
                <![CDATA[Visa]]>
              </value>
            </param>
            <param index="8">
              <value>
                <![CDATA[123456789]]>
              </value>
            </param>
            <param index="9">
              <value>
                <![CDATA[12/29]]>
              </value>
            </param>
            <param index="10">
              <value>
                <![CDATA[success]]>
              </value>
            </param>
          </params>
          <reporter-output>
          </reporter-output>
        </test-method> <!-- verifyEditOrder -->
        <test-method is-config="true" signature="takeScreenshot(org.testng.ITestResult)[pri:0, instance:com.webOrders.test.WebOrder_ViewAllOrders_Test@2ca923bb]" started-at="2026-07-22T14:39:38 IST" name="takeScreenshot" finished-at="2026-07-22T14:39:38 IST" duration-ms="1" status="PASS">
          <params>
            <param index="0">
              <value>
                <![CDATA[[TestResult name=verifyEditOrder status=SUCCESS method=WebOrder_ViewAllOrders_Test.verifyEditOrder(java.lang.String,java.lang.String,java.lang.String,java.lang.String,java.lang.String,java.lang.String,java.lang.String,java.lang.String,java.lang.String,java.lang.String,java.lang.String)[pri:4, instance:com.webOrders.test.WebOrder_ViewAllOrders_Test@2ca923bb] output={null}]]]>
              </value>
            </param>
          </params>
          <reporter-output>
          </reporter-output>
        </test-method> <!-- takeScreenshot -->
        <test-method signature="verifyEditOrder(java.lang.String,java.lang.String,java.lang.String,java.lang.String,java.lang.String,java.lang.String,java.lang.String,java.lang.String,java.lang.String,java.lang.String,java.lang.String)[pri:4, instance:com.webOrders.test.WebOrder_ViewAllOrders_Test@2ca923bb]" started-at="2026-07-22T14:39:38 IST" name="verifyEditOrder" description="Validate user can edit an order" data-provider="Update Form" finished-at="2026-07-22T14:39:46 IST" duration-ms="7767" status="PASS">
          <params>
            <param index="0">
              <value>
                <![CDATA[MyMoney]]>
              </value>
            </param>
            <param index="1">
              <value>
                <![CDATA[5]]>
              </value>
            </param>
            <param index="2">
              <value>
                <![CDATA[Nguyen]]>
              </value>
            </param>
            <param index="3">
              <value>
                <![CDATA[123 Main St]]>
              </value>
            </param>
            <param index="4">
              <value>
                <![CDATA[Dallas]]>
              </value>
            </param>
            <param index="5">
              <value>
                <![CDATA[IL]]>
              </value>
            </param>
            <param index="6">
              <value>
                <![CDATA[75000]]>
              </value>
            </param>
            <param index="7">
              <value>
                <![CDATA[MasterCard]]>
              </value>
            </param>
            <param index="8">
              <value>
                <![CDATA[123456789]]>
              </value>
            </param>
            <param index="9">
              <value>
                <![CDATA[11/29]]>
              </value>
            </param>
            <param index="10">
              <value>
                <![CDATA[success]]>
              </value>
            </param>
          </params>
          <reporter-output>
          </reporter-output>
        </test-method> <!-- verifyEditOrder -->
        <test-method is-config="true" signature="takeScreenshot(org.testng.ITestResult)[pri:0, instance:com.webOrders.test.WebOrder_ViewAllOrders_Test@2ca923bb]" started-at="2026-07-22T14:39:46 IST" name="takeScreenshot" finished-at="2026-07-22T14:39:46 IST" duration-ms="2" status="PASS">
          <params>
            <param index="0">
              <value>
                <![CDATA[[TestResult name=verifyEditOrder status=SUCCESS method=WebOrder_ViewAllOrders_Test.verifyEditOrder(java.lang.String,java.lang.String,java.lang.String,java.lang.String,java.lang.String,java.lang.String,java.lang.String,java.lang.String,java.lang.String,java.lang.String,java.lang.String)[pri:4, instance:com.webOrders.test.WebOrder_ViewAllOrders_Test@2ca923bb] output={null}]]]>
              </value>
            </param>
          </params>
          <reporter-output>
          </reporter-output>
        </test-method> <!-- takeScreenshot -->
        <test-method signature="verifyError(java.lang.String,java.lang.String,java.lang.String,java.lang.String,java.lang.String,java.lang.String,java.lang.String,java.lang.String,java.lang.String,java.lang.String,java.lang.String)[pri:5, instance:com.webOrders.test.WebOrder_ViewAllOrders_Test@2ca923bb]" started-at="2026-07-22T14:39:46 IST" name="verifyError" description="Validate error is displayed while editing an order with invalid Data" data-provider="Update Order Form Error" finished-at="2026-07-22T14:39:51 IST" duration-ms="4474" status="PASS">
          <params>
            <param index="0">
              <value>
                <![CDATA[MyMoney]]>
              </value>
            </param>
            <param index="1">
              <value>
                <![CDATA[]]>
              </value>
            </param>
            <param index="2">
              <value>
                <![CDATA[Minh]]>
              </value>
            </param>
            <param index="3">
              <value>
                <![CDATA[123 Main St]]>
              </value>
            </param>
            <param index="4">
              <value>
                <![CDATA[Dallas]]>
              </value>
            </param>
            <param index="5">
              <value>
                <![CDATA[ABC]]>
              </value>
            </param>
            <param index="6">
              <value>
                <![CDATA[75000]]>
              </value>
            </param>
            <param index="7">
              <value>
                <![CDATA[Visa]]>
              </value>
            </param>
            <param index="8">
              <value>
                <![CDATA[123456789]]>
              </value>
            </param>
            <param index="9">
              <value>
                <![CDATA[12/29]]>
              </value>
            </param>
            <param index="10">
              <value>
                <![CDATA[empty_quantity]]>
              </value>
            </param>
          </params>
          <reporter-output>
          </reporter-output>
        </test-method> <!-- verifyError -->
        <test-method is-config="true" signature="takeScreenshot(org.testng.ITestResult)[pri:0, instance:com.webOrders.test.WebOrder_ViewAllOrders_Test@2ca923bb]" started-at="2026-07-22T14:39:51 IST" name="takeScreenshot" finished-at="2026-07-22T14:39:51 IST" duration-ms="2" status="PASS">
          <params>
            <param index="0">
              <value>
                <![CDATA[[TestResult name=verifyError status=SUCCESS method=WebOrder_ViewAllOrders_Test.verifyError(java.lang.String,java.lang.String,java.lang.String,java.lang.String,java.lang.String,java.lang.String,java.lang.String,java.lang.String,java.lang.String,java.lang.String,java.lang.String)[pri:5, instance:com.webOrders.test.WebOrder_ViewAllOrders_Test@2ca923bb] output={null}]]]>
              </value>
            </param>
          </params>
          <reporter-output>
          </reporter-output>
        </test-method> <!-- takeScreenshot -->
        <test-method signature="verifyError(java.lang.String,java.lang.String,java.lang.String,java.lang.String,java.lang.String,java.lang.String,java.lang.String,java.lang.String,java.lang.String,java.lang.String,java.lang.String)[pri:5, instance:com.webOrders.test.WebOrder_ViewAllOrders_Test@2ca923bb]" started-at="2026-07-22T14:39:51 IST" name="verifyError" description="Validate error is displayed while editing an order with invalid Data" data-provider="Update Order Form Error" finished-at="2026-07-22T14:39:55 IST" duration-ms="4415" status="PASS">
          <params>
            <param index="0">
              <value>
                <![CDATA[MyMoney]]>
              </value>
            </param>
            <param index="1">
              <value>
                <![CDATA[0]]>
              </value>
            </param>
            <param index="2">
              <value>
                <![CDATA[Minh]]>
              </value>
            </param>
            <param index="3">
              <value>
                <![CDATA[123 Main St]]>
              </value>
            </param>
            <param index="4">
              <value>
                <![CDATA[Dallas]]>
              </value>
            </param>
            <param index="5">
              <value>
                <![CDATA[ILA]]>
              </value>
            </param>
            <param index="6">
              <value>
                <![CDATA[75000]]>
              </value>
            </param>
            <param index="7">
              <value>
                <![CDATA[Visa]]>
              </value>
            </param>
            <param index="8">
              <value>
                <![CDATA[123456789]]>
              </value>
            </param>
            <param index="9">
              <value>
                <![CDATA[12/29]]>
              </value>
            </param>
            <param index="10">
              <value>
                <![CDATA[invalid_quantity]]>
              </value>
            </param>
          </params>
          <reporter-output>
          </reporter-output>
        </test-method> <!-- verifyError -->
        <test-method is-config="true" signature="takeScreenshot(org.testng.ITestResult)[pri:0, instance:com.webOrders.test.WebOrder_ViewAllOrders_Test@2ca923bb]" started-at="2026-07-22T14:39:55 IST" name="takeScreenshot" finished-at="2026-07-22T14:39:55 IST" duration-ms="4" status="PASS">
          <params>
            <param index="0">
              <value>
                <![CDATA[[TestResult name=verifyError status=SUCCESS method=WebOrder_ViewAllOrders_Test.verifyError(java.lang.String,java.lang.String,java.lang.String,java.lang.String,java.lang.String,java.lang.String,java.lang.String,java.lang.String,java.lang.String,java.lang.String,java.lang.String)[pri:5, instance:com.webOrders.test.WebOrder_ViewAllOrders_Test@2ca923bb] output={null}]]]>
              </value>
            </param>
          </params>
          <reporter-output>
          </reporter-output>
        </test-method> <!-- takeScreenshot -->
        <test-method signature="verifyError(java.lang.String,java.lang.String,java.lang.String,java.lang.String,java.lang.String,java.lang.String,java.lang.String,java.lang.String,java.lang.String,java.lang.String,java.lang.String)[pri:5, instance:com.webOrders.test.WebOrder_ViewAllOrders_Test@2ca923bb]" started-at="2026-07-22T14:39:55 IST" name="verifyError" description="Validate error is displayed while editing an order with invalid Data" data-provider="Update Order Form Error" finished-at="2026-07-22T14:39:58 IST" duration-ms="2055" status="PASS">
          <params>
            <param index="0">
              <value>
                <![CDATA[MyMoney]]>
              </value>
            </param>
            <param index="1">
              <value>
                <![CDATA[5]]>
              </value>
            </param>
            <param index="2">
              <value>
                <![CDATA[]]>
              </value>
            </param>
            <param index="3">
              <value>
                <![CDATA[123 Main St]]>
              </value>
            </param>
            <param index="4">
              <value>
                <![CDATA[Dallas]]>
              </value>
            </param>
            <param index="5">
              <value>
                <![CDATA[ILA]]>
              </value>
            </param>
            <param index="6">
              <value>
                <![CDATA[75000]]>
              </value>
            </param>
            <param index="7">
              <value>
                <![CDATA[Visa]]>
              </value>
            </param>
            <param index="8">
              <value>
                <![CDATA[123456789]]>
              </value>
            </param>
            <param index="9">
              <value>
                <![CDATA[12/29]]>
              </value>
            </param>
            <param index="10">
              <value>
                <![CDATA[empty_name]]>
              </value>
            </param>
          </params>
          <reporter-output>
          </reporter-output>
        </test-method> <!-- verifyError -->
        <test-method is-config="true" signature="takeScreenshot(org.testng.ITestResult)[pri:0, instance:com.webOrders.test.WebOrder_ViewAllOrders_Test@2ca923bb]" started-at="2026-07-22T14:39:58 IST" name="takeScreenshot" finished-at="2026-07-22T14:39:58 IST" duration-ms="1" status="PASS">
          <params>
            <param index="0">
              <value>
                <![CDATA[[TestResult name=verifyError status=SUCCESS method=WebOrder_ViewAllOrders_Test.verifyError(java.lang.String,java.lang.String,java.lang.String,java.lang.String,java.lang.String,java.lang.String,java.lang.String,java.lang.String,java.lang.String,java.lang.String,java.lang.String)[pri:5, instance:com.webOrders.test.WebOrder_ViewAllOrders_Test@2ca923bb] output={null}]]]>
              </value>
            </param>
          </params>
          <reporter-output>
          </reporter-output>
        </test-method> <!-- takeScreenshot -->
        <test-method signature="verifyError(java.lang.String,java.lang.String,java.lang.String,java.lang.String,java.lang.String,java.lang.String,java.lang.String,java.lang.String,java.lang.String,java.lang.String,java.lang.String)[pri:5, instance:com.webOrders.test.WebOrder_ViewAllOrders_Test@2ca923bb]" started-at="2026-07-22T14:39:58 IST" name="verifyError" description="Validate error is displayed while editing an order with invalid Data" data-provider="Update Order Form Error" finished-at="2026-07-22T14:40:02 IST" duration-ms="4503" status="PASS">
          <params>
            <param index="0">
              <value>
                <![CDATA[MyMoney]]>
              </value>
            </param>
            <param index="1">
              <value>
                <![CDATA[5]]>
              </value>
            </param>
            <param index="2">
              <value>
                <![CDATA[Minh]]>
              </value>
            </param>
            <param index="3">
              <value>
                <![CDATA[]]>
              </value>
            </param>
            <param index="4">
              <value>
                <![CDATA[Dallas]]>
              </value>
            </param>
            <param index="5">
              <value>
                <![CDATA[IL]]>
              </value>
            </param>
            <param index="6">
              <value>
                <![CDATA[75000]]>
              </value>
            </param>
            <param index="7">
              <value>
                <![CDATA[Visa]]>
              </value>
            </param>
            <param index="8">
              <value>
                <![CDATA[123456789]]>
              </value>
            </param>
            <param index="9">
              <value>
                <![CDATA[12/29]]>
              </value>
            </param>
            <param index="10">
              <value>
                <![CDATA[empty_street]]>
              </value>
            </param>
          </params>
          <reporter-output>
          </reporter-output>
        </test-method> <!-- verifyError -->
[...]
                <![CDATA[IL]]>
              </value>
            </param>
            <param index="6">
              <value>
                <![CDATA[75000]]>
              </value>
            </param>
            <param index="7">
              <value>
                <![CDATA[Visa]]>
              </value>
            </param>
            <param index="8">
              <value>
                <![CDATA[]]>
              </value>
            </param>
            <param index="9">
              <value>
                <![CDATA[12/29]]>
              </value>
            </param>
            <param index="10">
              <value>
                <![CDATA[empty_cardnr]]>
              </value>
            </param>
          </params>
          <reporter-output>
          </reporter-output>
        </test-method> <!-- verifyError -->
        <test-method is-config="true" signature="takeScreenshot(org.testng.ITestResult)[pri:0, instance:com.webOrders.test.WebOrder_ViewAllOrders_Test@2ca923bb]" started-at="2026-07-22T14:40:15 IST" name="takeScreenshot" finished-at="2026-07-22T14:40:15 IST" duration-ms="2" status="PASS">
          <params>
            <param index="0">
              <value>
                <![CDATA[[TestResult name=verifyError status=SUCCESS method=WebOrder_ViewAllOrders_Test.verifyError(java.lang.String,java.lang.String,java.lang.String,java.lang.String,java.lang.String,java.lang.String,java.lang.String,java.lang.String,java.lang.String,java.lang.String,java.lang.String)[pri:5, instance:com.webOrders.test.WebOrder_ViewAllOrders_Test@2ca923bb] output={null}]]]>
              </value>
            </param>
          </params>
          <reporter-output>
          </reporter-output>
        </test-method> <!-- takeScreenshot -->
        <test-method signature="verifyError(java.lang.String,java.lang.String,java.lang.String,java.lang.String,java.lang.String,java.lang.String,java.lang.String,java.lang.String,java.lang.String,java.lang.String,java.lang.String)[pri:5, instance:com.webOrders.test.WebOrder_ViewAllOrders_Test@2ca923bb]" started-at="2026-07-22T14:40:15 IST" name="verifyError" description="Validate error is displayed while editing an order with invalid Data" data-provider="Update Order Form Error" finished-at="2026-07-22T14:40:18 IST" duration-ms="2385" status="PASS">
          <params>
            <param index="0">
              <value>
                <![CDATA[MyMoney]]>
              </value>
            </param>
            <param index="1">
              <value>
                <![CDATA[5]]>
              </value>
            </param>
            <param index="2">
              <value>
                <![CDATA[Minh]]>
              </value>
            </param>
            <param index="3">
              <value>
                <![CDATA[123 Main St]]>
              </value>
            </param>
            <param index="4">
              <value>
                <![CDATA[Dallas]]>
              </value>
            </param>
            <param index="5">
              <value>
                <![CDATA[IL]]>
              </value>
            </param>
            <param index="6">
              <value>
                <![CDATA[75000]]>
              </value>
            </param>
            <param index="7">
              <value>
                <![CDATA[Visa]]>
              </value>
            </param>
            <param index="8">
              <value>
                <![CDATA[abcdef]]>
              </value>
            </param>
            <param index="9">
              <value>
                <![CDATA[12/29]]>
              </value>
            </param>
            <param index="10">
              <value>
                <![CDATA[invalid_cardnr]]>
              </value>
            </param>
          </params>
          <reporter-output>
          </reporter-output>
        </test-method> <!-- verifyError -->
        <test-method is-config="true" signature="takeScreenshot(org.testng.ITestResult)[pri:0, instance:com.webOrders.test.WebOrder_ViewAllOrders_Test@2ca923bb]" started-at="2026-07-22T14:40:18 IST" name="takeScreenshot" finished-at="2026-07-22T14:40:18 IST" duration-ms="2" status="PASS">
          <params>
            <param index="0">
              <value>
                <![CDATA[[TestResult name=verifyError status=SUCCESS method=WebOrder_ViewAllOrders_Test.verifyError(java.lang.String,java.lang.String,java.lang.String,java.lang.String,java.lang.String,java.lang.String,java.lang.String,java.lang.String,java.lang.String,java.lang.String,java.lang.String)[pri:5, instance:com.webOrders.test.WebOrder_ViewAllOrders_Test@2ca923bb] output={null}]]]>
              </value>
            </param>
          </params>
          <reporter-output>
          </reporter-output>
        </test-method> <!-- takeScreenshot -->
        <test-method signature="verifyError(java.lang.String,java.lang.String,java.lang.String,java.lang.String,java.lang.String,java.lang.String,java.lang.String,java.lang.String,java.lang.String,java.lang.String,java.lang.String)[pri:5, instance:com.webOrders.test.WebOrder_ViewAllOrders_Test@2ca923bb]" started-at="2026-07-22T14:40:18 IST" name="verifyError" description="Validate error is displayed while editing an order with invalid Data" data-provider="Update Order Form Error" finished-at="2026-07-22T14:40:21 IST" duration-ms="2968" status="PASS">
          <params>
            <param index="0">
              <value>
                <![CDATA[MyMoney]]>
              </value>
            </param>
            <param index="1">
              <value>
                <![CDATA[5]]>
              </value>
            </param>
            <param index="2">
              <value>
                <![CDATA[Minh]]>
              </value>
            </param>
            <param index="3">
              <value>
                <![CDATA[123 Main St]]>
              </value>
            </param>
            <param index="4">
              <value>
                <![CDATA[Dallas]]>
              </value>
            </param>
            <param index="5">
              <value>
                <![CDATA[IL]]>
              </value>
            </param>
            <param index="6">
              <value>
                <![CDATA[75000]]>
              </value>
            </param>
            <param index="7">
              <value>
                <![CDATA[Visa]]>
              </value>
            </param>
            <param index="8">
              <value>
                <![CDATA[123456789]]>
              </value>
            </param>
            <param index="9">
              <value>
                <![CDATA[]]>
              </value>
            </param>
            <param index="10">
              <value>
                <![CDATA[empty_expdate]]>
              </value>
            </param>
          </params>
          <reporter-output>
          </reporter-output>
        </test-method> <!-- verifyError -->
        <test-method is-config="true" signature="takeScreenshot(org.testng.ITestResult)[pri:0, instance:com.webOrders.test.WebOrder_ViewAllOrders_Test@2ca923bb]" started-at="2026-07-22T14:40:21 IST" name="takeScreenshot" finished-at="2026-07-22T14:40:21 IST" duration-ms="1" status="PASS">
          <params>
            <param index="0">
              <value>
                <![CDATA[[TestResult name=verifyError status=SUCCESS method=WebOrder_ViewAllOrders_Test.verifyError(java.lang.String,java.lang.String,java.lang.String,java.lang.String,java.lang.String,java.lang.String,java.lang.String,java.lang.String,java.lang.String,java.lang.String,java.lang.String)[pri:5, instance:com.webOrders.test.WebOrder_ViewAllOrders_Test@2ca923bb] output={null}]]]>
              </value>
            </param>
          </params>
          <reporter-output>
          </reporter-output>
        </test-method> <!-- takeScreenshot -->
        <test-method signature="verifyError(java.lang.String,java.lang.String,java.lang.String,java.lang.String,java.lang.String,java.lang.String,java.lang.String,java.lang.String,java.lang.String,java.lang.String,java.lang.String)[pri:5, instance:com.webOrders.test.WebOrder_ViewAllOrders_Test@2ca923bb]" started-at="2026-07-22T14:40:21 IST" name="verifyError" description="Validate error is displayed while editing an order with invalid Data" data-provider="Update Order Form Error" finished-at="2026-07-22T14:40:25 IST" duration-ms="3966" status="PASS">
          <params>
            <param index="0">
              <value>
                <![CDATA[MyMoney]]>
              </value>
            </param>
            <param index="1">
              <value>
                <![CDATA[5]]>
              </value>
            </param>
            <param index="2">
              <value>
                <![CDATA[Minh]]>
              </value>
            </param>
            <param index="3">
              <value>
                <![CDATA[123 Main St]]>
              </value>
            </param>
            <param index="4">
              <value>
                <![CDATA[Dallas]]>
              </value>
            </param>
            <param index="5">
              <value>
                <![CDATA[IL]]>
              </value>
            </param>
            <param index="6">
              <value>
                <![CDATA[75000]]>
              </value>
            </param>
            <param index="7">
              <value>
                <![CDATA[Visa]]>
              </value>
            </param>
            <param index="8">
              <value>
                <![CDATA[123456789]]>
              </value>
            </param>
            <param index="9">
              <value>
                <![CDATA[abcdef]]>
              </value>
            </param>
            <param index="10">
              <value>
                <![CDATA[invalid_date]]>
              </value>
            </param>
          </params>
          <reporter-output>
          </reporter-output>
        </test-method> <!-- verifyError -->
        <test-method is-config="true" signature="takeScreenshot(org.testng.ITestResult)[pri:0, instance:com.webOrders.test.WebOrder_ViewAllOrders_Test@2ca923bb]" started-at="2026-07-22T14:40:25 IST" name="takeScreenshot" finished-at="2026-07-22T14:40:25 IST" duration-ms="2" status="PASS">
          <params>
            <param index="0">
              <value>
                <![CDATA[[TestResult name=verifyError status=SUCCESS method=WebOrder_ViewAllOrders_Test.verifyError(java.lang.String,java.lang.String,java.lang.String,java.lang.String,java.lang.String,java.lang.String,java.lang.String,java.lang.String,java.lang.String,java.lang.String,java.lang.String)[pri:5, instance:com.webOrders.test.WebOrder_ViewAllOrders_Test@2ca923bb] output={null}]]]>
              </value>
            </param>
          </params>
          <reporter-output>
          </reporter-output>
        </test-method> <!-- takeScreenshot -->
        <test-method signature="verifyError(java.lang.String,java.lang.String,java.lang.String,java.lang.String,java.lang.String,java.lang.String,java.lang.String,java.lang.String,java.lang.String,java.lang.String,java.lang.String)[pri:5, instance:com.webOrders.test.WebOrder_ViewAllOrders_Test@2ca923bb]" started-at="2026-07-22T14:40:25 IST" name="verifyError" description="Validate error is displayed while editing an order with invalid Data" data-provider="Update Order Form Error" finished-at="2026-07-22T14:40:27 IST" duration-ms="2157" status="PASS">
          <params>
            <param index="0">
              <value>
                <![CDATA[MyMoney]]>
              </value>
            </param>
            <param index="1">
              <value>
                <![CDATA[5]]>
              </value>
            </param>
            <param index="2">
              <value>
                <![CDATA[Minh]]>
              </value>
            </param>
            <param index="3">
              <value>
                <![CDATA[123 Main St]]>
              </value>
            </param>
            <param index="4">
              <value>
                <![CDATA[Dallas]]>
              </value>
            </param>
            <param index="5">
              <value>
                <![CDATA[IL]]>
              </value>
            </param>
            <param index="6">
              <value>
                <![CDATA[75000]]>
              </value>
            </param>
            <param index="7">
              <value>
                <![CDATA[Visa]]>
              </value>
            </param>
            <param index="8">
              <value>
                <![CDATA[123456789]]>
              </value>
            </param>
            <param index="9">
              <value>
                <![CDATA[12-23]]>
              </value>
            </param>
            <param index="10">
              <value>
                <![CDATA[invalid_date]]>
              </value>
            </param>
          </params>
          <reporter-output>
          </reporter-output>
        </test-method> <!-- verifyError -->
        <test-method is-config="true" signature="takeScreenshot(org.testng.ITestResult)[pri:0, instance:com.webOrders.test.WebOrder_ViewAllOrders_Test@2ca923bb]" started-at="2026-07-22T14:40:27 IST" name="takeScreenshot" finished-at="2026-07-22T14:40:27 IST" duration-ms="1" status="PASS">
          <params>
            <param index="0">
              <value>
                <![CDATA[[TestResult name=verifyError status=SUCCESS method=WebOrder_ViewAllOrders_Test.verifyError(java.lang.String,java.lang.String,java.lang.String,java.lang.String,java.lang.String,java.lang.String,java.lang.String,java.lang.String,java.lang.String,java.lang.String,java.lang.String)[pri:5, instance:com.webOrders.test.WebOrder_ViewAllOrders_Test@2ca923bb] output={null}]]]>
              </value>
            </param>
          </params>
          <reporter-output>
          </reporter-output>
        </test-method> <!-- takeScreenshot -->
        <test-method is-config="true" signature="tearDown()[pri:0, instance:com.webOrders.test.WebOrder_ViewAllOrders_Test@2ca923bb]" started-at="2026-07-22T14:40:27 IST" name="tearDown" finished-at="2026-07-22T14:40:29 IST" duration-ms="1991" status="PASS">
          <reporter-output>
          </reporter-output>
        </test-method> <!-- tearDown -->
      </class> <!-- com.webOrders.test.WebOrder_ViewAllOrders_Test -->
      <class name="com.webOrders.test.WebOrders_Login">
        <test-method is-config="true" signature="SetUp(java.lang.String)[pri:0, instance:com.webOrders.test.WebOrders_Login@b86de0d]" started-at="2026-07-22T14:37:49 IST" name="SetUp" finished-at="2026-07-22T14:37:49 IST" duration-ms="21" status="PASS">
          <params>
            <param index="0">
              <value>
                <![CDATA[edge]]>
              </value>
            </param>
          </params>
          <reporter-output>
          </reporter-output>
        </test-method> <!-- SetUp -->
        <test-method is-config="true" signature="initializeTestBaseSetup(java.lang.String,java.lang.String)[pri:0, instance:com.webOrders.test.WebOrders_Login@b86de0d]" started-at="2026-07-22T14:38:21 IST" name="initializeTestBaseSetup" finished-at="2026-07-22T14:38:29 IST" duration-ms="7633" status="PASS">
          <params>
            <param index="0">
              <value>
                <![CDATA[edge]]>
              </value>
            </param>
            <param index="1">
              <value>
                <![CDATA[http://secure.smartbearsoftware.com/samples/TestComplete11/WebOrders/Login.aspx?ReturnUrl=%2fsamples%2fTestComplete11%2fWebOrders%2fDefault.aspx]]>
              </value>
            </param>
          </params>
          <reporter-output>
          </reporter-output>
        </test-method> <!-- initializeTestBaseSetup -->
        <test-method is-config="true" signature="setUp()[pri:0, instance:com.webOrders.test.WebOrders_Login@b86de0d]" started-at="2026-07-22T14:38:29 IST" name="setUp" finished-at="2026-07-22T14:38:29 IST" duration-ms="1" status="PASS">
          <reporter-output>
          </reporter-output>
        </test-method> <!-- setUp -->
        <test-method signature="loginTest()[pri:1, instance:com.webOrders.test.WebOrders_Login@b86de0d]" started-at="2026-07-22T14:38:29 IST" name="loginTest" description="Login and validate the WebOrder Homepage Text" finished-at="2026-07-22T14:38:47 IST" duration-ms="18147" status="PASS">
          <reporter-output>
          </reporter-output>
        </test-method> <!-- loginTest -->
        <test-method is-config="true" signature="takeScreenshot(org.testng.ITestResult)[pri:0, instance:com.webOrders.test.WebOrders_Login@b86de0d]" started-at="2026-07-22T14:38:47 IST" name="takeScreenshot" finished-at="2026-07-22T14:38:47 IST" duration-ms="1" status="PASS">
          <params>
            <param index="0">
              <value>
                <![CDATA[[TestResult name=loginTest status=SUCCESS method=WebOrders_Login.loginTest()[pri:1, instance:com.webOrders.test.WebOrders_Login@b86de0d] output={null}]]]>
              </value>
            </param>
          </params>
          <reporter-output>
          </reporter-output>
        </test-method> <!-- takeScreenshot -->
        <test-method signature="urlTest()[pri:2, instance:com.webOrders.test.WebOrders_Login@b86de0d]" started-at="2026-07-22T14:38:47 IST" name="urlTest" description="validateURL() method call for URL verification" finished-at="2026-07-22T14:38:58 IST" duration-ms="10790" status="PASS">
          <reporter-output>
          </reporter-output>
        </test-method> <!-- urlTest -->
        <test-method is-config="true" signature="takeScreenshot(org.testng.ITestResult)[pri:0, instance:com.webOrders.test.WebOrders_Login@b86de0d]" started-at="2026-07-22T14:38:58 IST" name="takeScreenshot" finished-at="2026-07-22T14:38:58 IST" duration-ms="2" status="PASS">
          <params>
            <param index="0">
              <value>
                <![CDATA[[TestResult name=urlTest status=SUCCESS method=WebOrders_Login.urlTest()[pri:2, instance:com.webOrders.test.WebOrders_Login@b86de0d] output={null}]]]>
              </value>
            </param>
          </params>
          <reporter-output>
          </reporter-output>
        </test-method> <!-- takeScreenshot -->
        <test-method signature="verifyText()[pri:3, instance:com.webOrders.test.WebOrders_Login@b86de0d]" started-at="2026-07-22T14:38:58 IST" name="verifyText" description="validateTitle() method call for Title verification" finished-at="2026-07-22T14:39:12 IST" duration-ms="14301" status="PASS">
          <reporter-output>
          </reporter-output>
        </test-method> <!-- verifyText -->
        <test-method is-config="true" signature="takeScreenshot(org.testng.ITestResult)[pri:0, instance:com.webOrders.test.WebOrders_Login@b86de0d]" started-at="2026-07-22T14:39:12 IST" name="takeScreenshot" finished-at="2026-07-22T14:39:12 IST" duration-ms="1" status="PASS">
          <params>
            <param index="0">
              <value>
                <![CDATA[[TestResult name=verifyText status=SUCCESS method=WebOrders_Login.verifyText()[pri:3, instance:com.webOrders.test.WebOrders_Login@b86de0d] output={null}]]]>
              </value>
            </param>
          </params>
          <reporter-output>
          </reporter-output>
        </test-method> <!-- takeScreenshot -->
        <test-method is-config="true" signature="tearDown()[pri:0, instance:com.webOrders.test.WebOrders_Login@b86de0d]" started-at="2026-07-22T14:39:12 IST" name="tearDown" finished-at="2026-07-22T14:39:15 IST" duration-ms="2355" status="PASS">
          <reporter-output>
          </reporter-output>
        </test-method> <!-- tearDown -->
      </class> <!-- com.webOrders.test.WebOrders_Login -->
    </test> <!-- test-1 -->
  </suite> <!-- WebOrder Page Object Model TestNGDemo -->
</testng-results>
