<?xml version="1.0" encoding="UTF-8"?>
<!-- Generated by org.testng.reporters.JUnitReportReporter -->
<testsuite hostname="IBM-PF461Z49" failures="0" tests="15" name="com.webOrders.test.WebOrder_Order_Test" time="149.761" errors="0" timestamp="2026-07-22T14:43:14 IST" skipped="1">
  <testcase classname="com.webOrders.test.WebOrder_Order_Test" name="createAndVerifyOrder" time="13.587"/>
  <testcase classname="com.webOrders.test.WebOrder_Order_Test" name="createAndVerifyOrder" time="8.642"/>
  <testcase classname="com.webOrders.test.WebOrder_Order_Test" name="createAndVerifyOrder" time="10.245"/>
  <testcase classname="com.webOrders.test.WebOrder_Order_Test" name="createAndVerifyOrder" time="10.655"/>
  <testcase classname="com.webOrders.test.WebOrder_Order_Test" name="createAndVerifyOrder" time="10.138"/>
  <testcase classname="com.webOrders.test.WebOrder_Order_Test" name="createAndVerifyOrder" time="8.320"/>
  <testcase classname="com.webOrders.test.WebOrder_Order_Test" name="createAndVerifyOrder" time="8.399"/>
  <testcase classname="com.webOrders.test.WebOrder_Order_Test" name="createAndVerifyOrder" time="8.551"/>
  <testcase classname="com.webOrders.test.WebOrder_Order_Test" name="createAndVerifyOrder" time="9.022"/>
  <testcase classname="com.webOrders.test.WebOrder_Order_Test" name="createAndVerifyOrder" time="12.154"/>
  <testcase classname="com.webOrders.test.WebOrder_Order_Test" name="createAndVerifyOrder" time="8.242"/>
  <testcase classname="com.webOrders.test.WebOrder_Order_Test" name="createAndVerifyOrder" time="9.391"/>
  <testcase classname="com.webOrders.test.WebOrder_Order_Test" name="createAndVerifyOrder" time="23.315"/>
  <testcase classname="com.webOrders.test.WebOrder_Order_Test" name="createAndVerifyOrder" time="9.100"/>
  <testcase classname="com.webOrders.test.WebOrder_Order_Test" name="verifyCheckAll">
    <skipped/>
  </testcase> <!-- verifyCheckAll -->
</testsuite> <!-- com.webOrders.test.WebOrder_Order_Test -->
