<?xml version="1.0" encoding="UTF-8"?>
<!-- Generated by org.testng.reporters.JUnitReportReporter -->
<testsuite hostname="IBM-PF461Z49" failures="0" tests="3" name="com.webOrders.test.WebOrders_Login" time="43.242" errors="0" timestamp="2026-07-22T14:43:14 IST" skipped="0">
  <testcase classname="com.webOrders.test.WebOrders_Login" name="loginTest" time="18.148"/>
  <testcase classname="com.webOrders.test.WebOrders_Login" name="urlTest" time="10.791"/>
  <testcase classname="com.webOrders.test.WebOrders_Login" name="verifyText" time="14.303"/>
</testsuite> <!-- com.webOrders.test.WebOrders_Login -->
