<?xml version="1.0" encoding="UTF-8"?>
<!-- Generated by org.testng.reporters.JUnitReportReporter -->
<testsuite hostname="IBM-PF461Z49" failures="0" tests="3" name="com.webOrders.test.WebOrder_Product_Price_Discount_Verification" time="7.679" errors="0" timestamp="2026-07-22T14:43:14 IST" skipped="0">
  <testcase classname="com.webOrders.test.WebOrder_Product_Price_Discount_Verification" name="verifyProductPrice" time="2.531"/>
  <testcase classname="com.webOrders.test.WebOrder_Product_Price_Discount_Verification" name="verifyProductPrice" time="3.142"/>
  <testcase classname="com.webOrders.test.WebOrder_Product_Price_Discount_Verification" name="verifyProductPrice" time="2.006"/>
</testsuite> <!-- com.webOrders.test.WebOrder_Product_Price_Discount_Verification -->
